whirlPool/build/outputs/logs/manifest-merger-release-report.txt
-- Merging decision tree log ---
manifest
ADDED from src\main\AndroidManifest.xml:2:1-245:12
	package
		ADDED from src\main\AndroidManifest.xml:3:5-35
		INJECTED from src\main\AndroidManifest.xml
		INJECTED from src\main\AndroidManifest.xml
	android:versionName
		ADDED from src\main\AndroidManifest.xml:5:5-30
		INJECTED from src\main\AndroidManifest.xml
		INJECTED from src\main\AndroidManifest.xml
	android:versionCode
		ADDED from src\main\AndroidManifest.xml:4:5-28
		INJECTED from src\main\AndroidManifest.xml
		INJECTED from src\main\AndroidManifest.xml
	xmlns:android
		ADDED from src\main\AndroidManifest.xml:2:11-69
uses-sdk
ADDED from src\main\AndroidManifest.xml:7:5-9:41
MERGED from [com.android.support:design:23.1.1] AndroidManifest.xml:20:5-43
MERGED from [com.android.support:appcompat-v7:23.1.1] AndroidManifest.xml:20:5-43
MERGED from [com.android.support:cardview-v7:23.1.1] AndroidManifest.xml:20:5-43
MERGED from [com.github.ksoichiro:android-observablescrollview:1.6.0] AndroidManifest.xml:21:5-43
MERGED from [com.android.support:recyclerview-v7:23.1.1] AndroidManifest.xml:20:5-43
MERGED from [com.google.android.gms:play-services:6.5.87] AndroidManifest.xml:18:5-42
MERGED from [com.android.support:support-v4:23.1.1] AndroidManifest.xml:20:5-43
	android:targetSdkVersion
		ADDED from src\main\AndroidManifest.xml:9:9-38
		INJECTED from src\main\AndroidManifest.xml
		INJECTED from src\main\AndroidManifest.xml
	android:minSdkVersion
		ADDED from src\main\AndroidManifest.xml:8:9-34
		INJECTED from src\main\AndroidManifest.xml
		INJECTED from src\main\AndroidManifest.xml
uses-permission#android.permission.ACCESS_NETWORK_STATE
ADDED from src\main\AndroidManifest.xml:11:5-79
	android:name
		ADDED from src\main\AndroidManifest.xml:11:22-76
uses-permission#android.permission.ACCESS_COARSE_LOCATION
ADDED from src\main\AndroidManifest.xml:12:5-81
	android:name
		ADDED from src\main\AndroidManifest.xml:12:22-78
uses-permission#android.permission.ACCESS_FINE_LOCATION
ADDED from src\main\AndroidManifest.xml:13:5-79
	android:name
		ADDED from src\main\AndroidManifest.xml:13:22-76
uses-permission#android.permission.INTERNET
ADDED from src\main\AndroidManifest.xml:14:5-67
	android:name
		ADDED from src\main\AndroidManifest.xml:14:22-64
uses-permission#android.permission.WRITE_EXTERNAL_STORAGE
ADDED from src\main\AndroidManifest.xml:15:5-81
	android:name
		ADDED from src\main\AndroidManifest.xml:15:22-78
uses-permission#android.permission.WRITE_SYNC_SETTINGS
ADDED from src\main\AndroidManifest.xml:16:5-78
	android:name
		ADDED from src\main\AndroidManifest.xml:16:22-75
uses-permission#android.permission.WAKE_LOCK
ADDED from src\main\AndroidManifest.xml:17:5-68
	android:name
		ADDED from src\main\AndroidManifest.xml:17:22-65
uses-permission#android.permission.READ_PHONE_STATE
ADDED from src\main\AndroidManifest.xml:18:5-75
	android:name
		ADDED from src\main\AndroidManifest.xml:18:22-72
uses-permission#android.permission.READ_EXTERNAL_STORAGE
ADDED from src\main\AndroidManifest.xml:19:5-80
	android:name
		ADDED from src\main\AndroidManifest.xml:19:22-77
uses-permission#android.permission.CALL_PHONE
ADDED from src\main\AndroidManifest.xml:20:5-69
	android:name
		ADDED from src\main\AndroidManifest.xml:20:22-66
uses-permission#com.htc.tms.permission.MAPS_RECEIVE
ADDED from src\main\AndroidManifest.xml:21:5-75
	android:name
		ADDED from src\main\AndroidManifest.xml:21:22-72
application
ADDED from src\main\AndroidManifest.xml:26:5-243:19
MERGED from [com.android.support:design:23.1.1] AndroidManifest.xml:22:5-20
MERGED from [com.android.support:appcompat-v7:23.1.1] AndroidManifest.xml:22:5-20
MERGED from [com.android.support:cardview-v7:23.1.1] AndroidManifest.xml:22:5-20
MERGED from [com.google.android.gms:play-services:6.5.87] AndroidManifest.xml:20:5-24:19
MERGED from [com.android.support:support-v4:23.1.1] AndroidManifest.xml:22:5-20
	android:label
		ADDED from src\main\AndroidManifest.xml:29:9-41
	android:allowBackup
		ADDED from src\main\AndroidManifest.xml:27:9-35
	android:icon
		ADDED from src\main\AndroidManifest.xml:28:9-51
	android:theme
		ADDED from src\main\AndroidManifest.xml:30:9-52
activity#com.cpm.tatachemicals.SplashScreenActivity
ADDED from src\main\AndroidManifest.xml:31:9-40:20
	android:screenOrientation
		ADDED from src\main\AndroidManifest.xml:34:13-49
	android:label
		ADDED from src\main\AndroidManifest.xml:33:13-45
	android:name
		ADDED from src\main\AndroidManifest.xml:32:13-70
intent-filter#android.intent.action.MAIN+android.intent.category.LAUNCHER
ADDED from src\main\AndroidManifest.xml:35:13-39:29
action#android.intent.action.MAIN
ADDED from src\main\AndroidManifest.xml:36:17-69
	android:name
		ADDED from src\main\AndroidManifest.xml:36:25-66
category#android.intent.category.LAUNCHER
ADDED from src\main\AndroidManifest.xml:38:17-77
	android:name
		ADDED from src\main\AndroidManifest.xml:38:27-74
activity#com.cpm.autoupdate.AutoupdateActivity
ADDED from src\main\AndroidManifest.xml:41:9-43:52
	android:screenOrientation
		ADDED from src\main\AndroidManifest.xml:43:13-49
	android:name
		ADDED from src\main\AndroidManifest.xml:42:13-65
activity#com.cpm.web.ShowUpdateActivity
ADDED from src\main\AndroidManifest.xml:44:9-46:52
	android:screenOrientation
		ADDED from src\main\AndroidManifest.xml:46:13-49
	android:name
		ADDED from src\main\AndroidManifest.xml:45:13-58
activity#com.cpm.tatachemicals.MainActivity
ADDED from src\main\AndroidManifest.xml:47:9-49:52
	android:screenOrientation
		ADDED from src\main\AndroidManifest.xml:49:13-49
	android:name
		ADDED from src\main\AndroidManifest.xml:48:13-62
activity#com.cpm.download.CompleteDownloadActivity
ADDED from src\main\AndroidManifest.xml:50:9-52:52
	android:screenOrientation
		ADDED from src\main\AndroidManifest.xml:52:13-49
	android:name
		ADDED from src\main\AndroidManifest.xml:51:13-69
activity#com.cpm.dailyentry.DailyEntryScreen
ADDED from src\main\AndroidManifest.xml:53:9-56:52
	android:screenOrientation
		ADDED from src\main\AndroidManifest.xml:56:13-49
	android:label
		ADDED from src\main\AndroidManifest.xml:55:13-39
	android:name
		ADDED from src\main\AndroidManifest.xml:54:13-63
activity#com.cpm.upload.UploadOptionActivity
ADDED from src\main\AndroidManifest.xml:57:9-59:52
	android:screenOrientation
		ADDED from src\main\AndroidManifest.xml:59:13-49
	android:name
		ADDED from src\main\AndroidManifest.xml:58:13-63
activity#com.cpm.upload.UploadDataActivity
ADDED from src\main\AndroidManifest.xml:60:9-62:52
	android:screenOrientation
		ADDED from src\main\AndroidManifest.xml:62:13-49
	android:name
		ADDED from src\main\AndroidManifest.xml:61:13-61
activity#com.cpm.upload.CheckoutNUpload
ADDED from src\main\AndroidManifest.xml:63:9-65:52
	android:screenOrientation
		ADDED from src\main\AndroidManifest.xml:65:13-49
	android:name
		ADDED from src\main\AndroidManifest.xml:64:13-58
activity#com.cpm.upload.UploadAllImageActivity
ADDED from src\main\AndroidManifest.xml:66:9-68:52
	android:screenOrientation
		ADDED from src\main\AndroidManifest.xml:68:13-49
	android:name
		ADDED from src\main\AndroidManifest.xml:67:13-65
activity#com.cpm.dailyentry.StoreEntry
ADDED from src\main\AndroidManifest.xml:69:9-72:52
	android:screenOrientation
		ADDED from src\main\AndroidManifest.xml:72:13-49
	android:label
		ADDED from src\main\AndroidManifest.xml:71:13-40
	android:name
		ADDED from src\main\AndroidManifest.xml:70:13-57
activity#com.cpm.dailyentry.StoreType
ADDED from src\main\AndroidManifest.xml:73:9-75:52
	android:screenOrientation
		ADDED from src\main\AndroidManifest.xml:75:13-49
	android:name
		ADDED from src\main\AndroidManifest.xml:74:13-56
activity#com.cpm.dailyentry.DeepFreezerActivity
ADDED from src\main\AndroidManifest.xml:76:9-79:55
	android:screenOrientation
		ADDED from src\main\AndroidManifest.xml:78:13-49
	android:windowSoftInputMode
		ADDED from src\main\AndroidManifest.xml:79:13-52
	android:name
		ADDED from src\main\AndroidManifest.xml:77:13-66
activity#com.cpm.dailyentry.MccainType
ADDED from src\main\AndroidManifest.xml:80:9-82:52
	android:screenOrientation
		ADDED from src\main\AndroidManifest.xml:82:13-49
	android:name
		ADDED from src\main\AndroidManifest.xml:81:13-57
activity#com.cpm.dailyentry.OpeningStock
ADDED from src\main\AndroidManifest.xml:83:9-88:55
	android:screenOrientation
		ADDED from src\main\AndroidManifest.xml:87:13-49
	android:label
		ADDED from src\main\AndroidManifest.xml:86:13-47
	android:windowSoftInputMode
		ADDED from src\main\AndroidManifest.xml:88:13-52
	android:configChanges
		ADDED from src\main\AndroidManifest.xml:85:13-74
	android:name
		ADDED from src\main\AndroidManifest.xml:84:13-59
activity#com.cpm.dailyentry.ClosingStock
ADDED from src\main\AndroidManifest.xml:89:9-94:55
	android:screenOrientation
		ADDED from src\main\AndroidManifest.xml:93:13-49
	android:label
		ADDED from src\main\AndroidManifest.xml:92:13-62
	android:windowSoftInputMode
		ADDED from src\main\AndroidManifest.xml:94:13-52
	android:configChanges
		ADDED from src\main\AndroidManifest.xml:91:13-74
	android:name
		ADDED from src\main\AndroidManifest.xml:90:13-59
activity#com.cpm.dailyentry.MidDayStock
ADDED from src\main\AndroidManifest.xml:95:9-100:55
	android:screenOrientation
		ADDED from src\main\AndroidManifest.xml:99:13-49
	android:label
		ADDED from src\main\AndroidManifest.xml:98:13-60
	android:windowSoftInputMode
		ADDED from src\main\AndroidManifest.xml:100:13-52
	android:configChanges
		ADDED from src\main\AndroidManifest.xml:97:13-74
	android:name
		ADDED from src\main\AndroidManifest.xml:96:13-58
activity#com.cpm.dailyentry.WindowsActivity
ADDED from src\main\AndroidManifest.xml:101:9-106:55
	android:screenOrientation
		ADDED from src\main\AndroidManifest.xml:105:13-49
	android:label
		ADDED from src\main\AndroidManifest.xml:104:13-42
	android:windowSoftInputMode
		ADDED from src\main\AndroidManifest.xml:106:13-52
	android:configChanges
		ADDED from src\main\AndroidManifest.xml:103:13-74
	android:name
		ADDED from src\main\AndroidManifest.xml:102:13-62
activity#com.cpm.dailyentry.PosmActivity
ADDED from src\main\AndroidManifest.xml:108:9-112:55
	android:screenOrientation
		ADDED from src\main\AndroidManifest.xml:111:13-49
	android:windowSoftInputMode
		ADDED from src\main\AndroidManifest.xml:112:13-52
	android:configChanges
		ADDED from src\main\AndroidManifest.xml:110:13-74
	android:name
		ADDED from src\main\AndroidManifest.xml:109:13-59
activity#com.cpm.dailyentry.AssetActivity
ADDED from src\main\AndroidManifest.xml:115:9-120:55
	android:screenOrientation
		ADDED from src\main\AndroidManifest.xml:119:13-49
	android:label
		ADDED from src\main\AndroidManifest.xml:118:13-34
	android:windowSoftInputMode
		ADDED from src\main\AndroidManifest.xml:120:13-52
	android:configChanges
		ADDED from src\main\AndroidManifest.xml:117:13-74
	android:name
		ADDED from src\main\AndroidManifest.xml:116:13-60
activity#com.cpm.dailyentry.NonWorkingReason
ADDED from src\main\AndroidManifest.xml:121:9-124:52
	android:screenOrientation
		ADDED from src\main\AndroidManifest.xml:124:13-49
	android:label
		ADDED from src\main\AndroidManifest.xml:123:13-40
	android:name
		ADDED from src\main\AndroidManifest.xml:122:13-63
activity#com.cpm.dailyentry.FoodStore
ADDED from src\main\AndroidManifest.xml:125:9-129:55
	android:screenOrientation
		ADDED from src\main\AndroidManifest.xml:128:13-49
	android:windowSoftInputMode
		ADDED from src\main\AndroidManifest.xml:129:13-52
	android:configChanges
		ADDED from src\main\AndroidManifest.xml:127:13-74
	android:name
		ADDED from src\main\AndroidManifest.xml:126:13-56
activity#com.cpm.dailyentry.FacingCompetitor
ADDED from src\main\AndroidManifest.xml:130:9-135:55
	android:screenOrientation
		ADDED from src\main\AndroidManifest.xml:134:13-49
	android:label
		ADDED from src\main\AndroidManifest.xml:133:13-46
	android:windowSoftInputMode
		ADDED from src\main\AndroidManifest.xml:135:13-52
	android:configChanges
		ADDED from src\main\AndroidManifest.xml:132:13-74
	android:name
		ADDED from src\main\AndroidManifest.xml:131:13-63
activity#com.cpm.dailyentry.UploadSelect
ADDED from src\main\AndroidManifest.xml:136:9-140:55
	android:screenOrientation
		ADDED from src\main\AndroidManifest.xml:139:13-49
	android:windowSoftInputMode
		ADDED from src\main\AndroidManifest.xml:140:13-52
	android:configChanges
		ADDED from src\main\AndroidManifest.xml:138:13-74
	android:name
		ADDED from src\main\AndroidManifest.xml:137:13-59
activity#com.cpm.dailyentry.CheckOutStoreActivity
ADDED from src\main\AndroidManifest.xml:141:9-145:55
	android:screenOrientation
		ADDED from src\main\AndroidManifest.xml:144:13-49
	android:windowSoftInputMode
		ADDED from src\main\AndroidManifest.xml:145:13-52
	android:configChanges
		ADDED from src\main\AndroidManifest.xml:143:13-74
	android:name
		ADDED from src\main\AndroidManifest.xml:142:13-68
activity#com.cpm.dailyentry.CallsActivity
ADDED from src\main\AndroidManifest.xml:146:9-150:55
	android:screenOrientation
		ADDED from src\main\AndroidManifest.xml:149:13-49
	android:windowSoftInputMode
		ADDED from src\main\AndroidManifest.xml:150:13-52
	android:configChanges
		ADDED from src\main\AndroidManifest.xml:148:13-74
	android:name
		ADDED from src\main\AndroidManifest.xml:147:13-60
activity#com.cpm.dailyentry.Performance
ADDED from src\main\AndroidManifest.xml:151:9-155:55
	android:screenOrientation
		ADDED from src\main\AndroidManifest.xml:154:13-49
	android:windowSoftInputMode
		ADDED from src\main\AndroidManifest.xml:155:13-52
	android:configChanges
		ADDED from src\main\AndroidManifest.xml:153:13-74
	android:name
		ADDED from src\main\AndroidManifest.xml:152:13-58
activity#com.cpm.tatachemicals.MainMenuActivity
ADDED from src\main\AndroidManifest.xml:156:9-160:59
	android:screenOrientation
		ADDED from src\main\AndroidManifest.xml:159:13-49
	android:label
		ADDED from src\main\AndroidManifest.xml:158:13-38
	android:theme
		ADDED from src\main\AndroidManifest.xml:160:13-56
	android:name
		ADDED from src\main\AndroidManifest.xml:157:13-66
activity#com.cpm.tatachemicals.LoginActivity
ADDED from src\main\AndroidManifest.xml:161:9-165:59
	android:screenOrientation
		ADDED from src\main\AndroidManifest.xml:164:13-49
	android:label
		ADDED from src\main\AndroidManifest.xml:163:13-45
	android:theme
		ADDED from src\main\AndroidManifest.xml:165:13-56
	android:name
		ADDED from src\main\AndroidManifest.xml:162:13-63
activity#com.cpm.dailyentry.CompetionMenuActivity
ADDED from src\main\AndroidManifest.xml:166:9-170:59
	android:screenOrientation
		ADDED from src\main\AndroidManifest.xml:169:13-49
	android:label
		ADDED from src\main\AndroidManifest.xml:168:13-66
	android:theme
		ADDED from src\main\AndroidManifest.xml:170:13-56
	android:name
		ADDED from src\main\AndroidManifest.xml:167:13-68
activity#com.cpm.dailyentry.CompetitionFaceupActivity
ADDED from src\main\AndroidManifest.xml:171:9-176:59
	android:screenOrientation
		ADDED from src\main\AndroidManifest.xml:175:13-49
	android:label
		ADDED from src\main\AndroidManifest.xml:174:13-70
	android:configChanges
		ADDED from src\main\AndroidManifest.xml:173:13-74
	android:theme
		ADDED from src\main\AndroidManifest.xml:176:13-56
	android:name
		ADDED from src\main\AndroidManifest.xml:172:13-72
activity#com.cpm.dailyentry.CompetitionAditionalPOIActivity
ADDED from src\main\AndroidManifest.xml:177:9-183:55
	android:screenOrientation
		ADDED from src\main\AndroidManifest.xml:181:13-49
	android:label
		ADDED from src\main\AndroidManifest.xml:180:13-43
	android:windowSoftInputMode
		ADDED from src\main\AndroidManifest.xml:183:13-52
	android:configChanges
		ADDED from src\main\AndroidManifest.xml:179:13-74
	android:theme
		ADDED from src\main\AndroidManifest.xml:182:13-56
	android:name
		ADDED from src\main\AndroidManifest.xml:178:13-78
activity#com.cpm.dailyentry.CompetitionPromotionsActivity
ADDED from src\main\AndroidManifest.xml:184:9-190:55
	android:screenOrientation
		ADDED from src\main\AndroidManifest.xml:188:13-49
	android:label
		ADDED from src\main\AndroidManifest.xml:187:13-38
	android:windowSoftInputMode
		ADDED from src\main\AndroidManifest.xml:190:13-52
	android:configChanges
		ADDED from src\main\AndroidManifest.xml:186:13-74
	android:theme
		ADDED from src\main\AndroidManifest.xml:189:13-56
	android:name
		ADDED from src\main\AndroidManifest.xml:185:13-76
activity#com.cpm.dailyentry.STOREFIRSTTIMEActivity
ADDED from src\main\AndroidManifest.xml:191:9-196:56
	android:screenOrientation
		ADDED from src\main\AndroidManifest.xml:195:13-49
	android:label
		ADDED from src\main\AndroidManifest.xml:194:13-41
	android:windowSoftInputMode
		ADDED from src\main\AndroidManifest.xml:196:13-52
	android:configChanges
		ADDED from src\main\AndroidManifest.xml:193:13-74
	android:name
		ADDED from src\main\AndroidManifest.xml:192:13-69
activity#com.cpm.dailyentry.GeoFence_Activity
ADDED from src\main\AndroidManifest.xml:197:9-200:68
	android:label
		ADDED from src\main\AndroidManifest.xml:199:13-62
	android:theme
		ADDED from src\main\AndroidManifest.xml:200:13-56
	android:name
		ADDED from src\main\AndroidManifest.xml:198:13-64
activity#com.cpm.dailyentry.StoreimageActivity
ADDED from src\main\AndroidManifest.xml:202:9-208:55
	android:screenOrientation
		ADDED from src\main\AndroidManifest.xml:206:13-49
	android:label
		ADDED from src\main\AndroidManifest.xml:205:13-46
	android:windowSoftInputMode
		ADDED from src\main\AndroidManifest.xml:208:13-52
	android:configChanges
		ADDED from src\main\AndroidManifest.xml:204:13-74
	android:theme
		ADDED from src\main\AndroidManifest.xml:207:13-56
	android:name
		ADDED from src\main\AndroidManifest.xml:203:13-65
activity#com.cpm.dailyentry.ISSUE_TYPEActivity
ADDED from src\main\AndroidManifest.xml:211:9-217:55
	android:screenOrientation
		ADDED from src\main\AndroidManifest.xml:215:13-49
	android:label
		ADDED from src\main\AndroidManifest.xml:214:13-46
	android:windowSoftInputMode
		ADDED from src\main\AndroidManifest.xml:217:13-52
	android:configChanges
		ADDED from src\main\AndroidManifest.xml:213:13-74
	android:theme
		ADDED from src\main\AndroidManifest.xml:216:13-56
	android:name
		ADDED from src\main\AndroidManifest.xml:212:13-65
activity#com.cpm.geotag.LocationActivity
ADDED from src\main\AndroidManifest.xml:222:9-228:55
	android:screenOrientation
		ADDED from src\main\AndroidManifest.xml:226:13-49
	android:label
		ADDED from src\main\AndroidManifest.xml:225:13-38
	android:windowSoftInputMode
		ADDED from src\main\AndroidManifest.xml:228:13-52
	android:configChanges
		ADDED from src\main\AndroidManifest.xml:224:13-74
	android:theme
		ADDED from src\main\AndroidManifest.xml:227:13-56
	android:name
		ADDED from src\main\AndroidManifest.xml:223:13-59
activity#com.cpm.geotag.UploadGeotaggingActivity
ADDED from src\main\AndroidManifest.xml:229:9-235:55
	android:screenOrientation
		ADDED from src\main\AndroidManifest.xml:233:13-49
	android:label
		ADDED from src\main\AndroidManifest.xml:232:13-45
	android:windowSoftInputMode
		ADDED from src\main\AndroidManifest.xml:235:13-52
	android:configChanges
		ADDED from src\main\AndroidManifest.xml:231:13-74
	android:theme
		ADDED from src\main\AndroidManifest.xml:234:13-56
	android:name
		ADDED from src\main\AndroidManifest.xml:230:13-67
meta-data#com.google.android.maps.v2.API_KEY
ADDED from src\main\AndroidManifest.xml:236:9-238:71
	android:value
		ADDED from src\main\AndroidManifest.xml:238:13-68
	android:name
		ADDED from src\main\AndroidManifest.xml:237:13-62
meta-data#com.google.android.gms.version
ADDED from src\main\AndroidManifest.xml:239:9-241:69
MERGED from [com.google.android.gms:play-services:6.5.87] AndroidManifest.xml:21:9-23:69
	android:value
		ADDED from src\main\AndroidManifest.xml:241:13-66
	android:name
		ADDED from src\main\AndroidManifest.xml:240:13-58